{"/Users/mohamedashraf/Downloads/ACLLOLO/Backend/src/arith.js": {"path":"/Users/mohamedashraf/Downloads/ACLLOLO/Backend/src/arith.js","statementMap":{"0":{"start":{"line":1,"column":12},"end":{"line":1,"column":27}},"1":{"start":{"line":1,"column":22},"end":{"line":1,"column":27}},"2":{"start":{"line":2,"column":12},"end":{"line":2,"column":27}},"3":{"start":{"line":2,"column":22},"end":{"line":2,"column":27}},"4":{"start":{"line":3,"column":12},"end":{"line":3,"column":27}},"5":{"start":{"line":3,"column":22},"end":{"line":3,"column":27}},"6":{"start":{"line":4,"column":12},"end":{"line":4,"column":27}},"7":{"start":{"line":4,"column":22},"end":{"line":4,"column":27}},"8":{"start":{"line":6,"column":0},"end":{"line":6,"column":40}}},"fnMap":{"0":{"name":"(anonymous_0)","decl":{"start":{"line":1,"column":12},"end":{"line":1,"column":13}},"loc":{"start":{"line":1,"column":22},"end":{"line":1,"column":27}},"line":1},"1":{"name":"(anonymous_1)","decl":{"start":{"line":2,"column":12},"end":{"line":2,"column":13}},"loc":{"start":{"line":2,"column":22},"end":{"line":2,"column":27}},"line":2},"2":{"name":"(anonymous_2)","decl":{"start":{"line":3,"column":12},"end":{"line":3,"column":13}},"loc":{"start":{"line":3,"column":22},"end":{"line":3,"column":27}},"line":3},"3":{"name":"(anonymous_3)","decl":{"start":{"line":4,"column":12},"end":{"line":4,"column":13}},"loc":{"start":{"line":4,"column":22},"end":{"line":4,"column":27}},"line":4}},"branchMap":{},"s":{"0":1,"1":1,"2":1,"3":1,"4":1,"5":1,"6":1,"7":0,"8":1},"f":{"0":1,"1":1,"2":1,"3":0},"b":{},"_coverageSchema":"1a1c01bbd47fc00a2c39e90264f33305004495a9","hash":"51b2e172b42a951e562b0b85eeb15fd3c944a2e4"}
}
